None
3328827
32067458
25889123
153135362
None
None
83015253
None
10192295
5106985
None
31615147
1816752036
2028913908
47368237
34955943
2144490235
7433210
2131859551
None
3191461
None
90468651
1451644426
None
116946849
107899997
50086275
46445662
None
8492883
6666473
117044685
1695767
153414459
46474429
52336360
6617729
None
8843584
None
6546963
3415349
145106564
2321659
150078997
40998008
24364033
1600216345
1484045333
153396864
None
2697324
39035833
5905686
2041556
38234219
81156567
48815577
2110736980
5452602
2874406
90292075
1845807872
16443937
None
None
144719941
4872265
117610362
None
31711411
34542150
144941178
134151228
3288432
None
49376811
1400873780
2215892
2109381996
3796878
1746363
2060997414
8551292
32662668
52096618
None
51456955
25243211
None
6620579
1390180424
1419459579
2079485571
None
144382416
2732581
11929556
None
2308737
1838629
None
None
51309354
35679831
22281080
150249535
2147434500
2786475
4846419
143850847
None
2124025577
2175272259
39614777
4393022
3245814
47739156
8109317
144096091
51024071
49432923
None
46297585
1422962065
2276914
2056349095
7021675
1404648644
5966000
3219261
35041346
41036504
38762311
35230762
31849075
2086138788
33660027
None
47977989
1775048
145718977
2682750
90835388
47711492
46672541
7677009
1859324
2724259
7463940
46257547
None
None
91567707
40464924
12282617
49761345
50196346
7546749
2587435
31935111
48801614
143622236
5226300
1410334485
None
2031921715
2910880
2588570
145822712
38681589
46845654
70492237
1403151379
150026858
2913957
1432792924
39730594
2832384
2118301459
4083068
None
46819618
119310638
None
1833773702
38361342
1419383081
None
1891681
1703541361
None
1577767193
144223246
None
None
48503461
None
145164091
1489140938
4561836
4739134
None
8676319
3948270
None
3107950
None
6256571
None
40661440
None
1825451
51935600
None
1785106581
37649124
143652704
145042934
51389320
3437638
2541625
16304200
5561561
1787705
5857477
2481462
36956411
39866321
7507263
None
48904152
None
5544886
6020290
35153800
None
1990422
None
35231703
70568564
5395827
4378634
77483426
3454650
None
4682895
4441967
50300955
6559429
119822830
48815059
5582116
27691196
35647964
40317496
17346420
39373885
9679078
153850242
81321492
2930234
2930861
None
1908840
50440655
49684974
None
2127521961
1414003841
5217614
None
32308064
None
2033513673
46460594
39388485
32599522
144875123
2060916835
None
8768460
1834368
None
145164837
28399084
None
2342345
1744493
48660741
65942529
7374383
2856569
51049418
1658571356
47750194
26537353
None
None
8619718
None
None
2087448606
2746867
None
83710138
1441297057
1398287514
27396312
3756859
1390762625
2738769
152525749
40798921
None
80855574
1396794556
None
90487776
2115133669
32080534
2071570807
None
89510954
51198852
2079212887
34784105
1943769630
47040616
150113058
34465973
None
None
2457128
1580355197
3954055
2089532
9652315
8340070
None
4281730
1834303383
21278083
3174285
1857071
89109117
49855701
None
145005453
66022614
108064006
2151279
89862575
None
2085629421
None
1734355
2311512
None
3886504
145382696
1379860722
36714990
2117008166
1600040869
4307298
80378647
51003274
2144008711
3380587
143768589
3141196
None
2152831079
2126907837
39013292
4698262
1396781699
None
2144728418
None
None
2322362
6119693
1930361160
None
1831769
None
116707107
2029653219
145135748
4588454
None
1580193934
None
None
153464221
5846074
2112688467
47614609
None
116519226
81278021
1403176402
None
46200092
None
49572525
None
2115090390
6430652
92757820
None
1780677286
None
1412418672
32286262
2054164921
2191688
17134613
6023453
36085728
15787994
2038115297
10797993
None
2056136205
None
66550313
27031083
36817922
None
None
2822168
48387771
None
None
2966024
34594615
41177530
1967895
51285154
None
None
49496760
91451073
2062339710
89744286
None
39450281
2119728912
47507492
1582071432
None
1926150
152383846
2066252729
2865315
4892198
90071805
1866844
1441583138
None
88879200
32020177
None
None
1423375713
3497869
48416078
25889123
153135362
None
83015253
None
148374852
None
46833023
None
None
37699796
None
1999788
4913844
None
1402764203
32530494
None
90468651
2054902731
3475786
116946849
47570096
None
None
91531820
35505406
8492883
None
6666473
117044685
None
None
None
6617729
143668909
153298430
103011128
8790221
1812893
39258797
2906560
2143305919
2553201
144258475
1393680517
None
2157188355
37045035
1405421031
2023245774
1471394296
5569418
48815577
None
3211326
145623800
151251388
146519949
None
1404652739
151494620
114422929
144889187
None
2146296747
1441878698
2061403844
2150168180
None
2152775457
1418110987
145590472
7486056
None
None
117922037
153883360
None
None
28933528
50992552
144937473
2100159469
49071741
32317429
None
None
None
None
1382850128
None
2111228603
48557445
2182670
13185053
None
5095888
None
81599743
120345789
2732581
1518668108
None
None
None
123699613
None
2152504127
2060287752
40619793
2053906037
None
None
51953640
2147088044
15606451
4724702
40154276
1945086844
3658716
None
133958872
47739156
None
5938177
None
2047506402
3591898
None
27906171
2047564262
2060379421
50565454
7021675
None
None
2068387843
134266051
8024383
2159560272
114644623
None
107858229
2135160470
134639847
13444253
1418673891
None
3038757
1859324
None
None
None
46257547
2047545652
30256099
None
None
91567707
7546749
None
None
None
2109973472
2108141177
40596452
None
5226300
None
None
50499518
2078383346
2379293
1381413571
38681589
2110203485
2124417775
2105670281
36008629
38970257
None
39873673
5110035
None
91587729
None
1921749365
145957338
153680357
None
1693057048
105045596
4184192
None
103154388
None
2467419
None
153349566
46446237
None
None
40083611
119190255
38667612
None
None
144223246
None
5180653
32116327
6792482
8676319
3948270
None
None
None
3107950
3307558
6256571
None
2517285
51935600
1379652511
None
1398975462
None
3437638
None
None
None
1404502235
2173884657
None
None
None
49175806
1877574
3454650
None
47701398
2109200269
2075459281
35446588
None
32142245
None
40317496
None
1908840
2136978
None
None
None
1572232242
32308064
None
47772083
39388485
None
None
8768460
None
None
40975611
1799310
None
None
31274566
35589225
37281027
2620049
None
5920213
2024845428
9312412
2073103966
1785361196
1857685352
91130675
4742172
None
None
4250668
2058581786
46260586
46483677
91155616
None
1796311405
None
1418925377
2042345480
40798921
80855574
None
1443804431
2065121912
37387757
31889302
8014346
None
None
None
None
2900258
None
2137989669
None
2395343
144729066
103030690
1581856859
2124306428
None
None
2457128
3411381
9652315
4086301
1610845538
6116437
None
1404616905
51211074
40514467
5358777
None
50021619
None
2165001
1730587
144327310
6834387
14936781
108064006
29352709
145382696
2127630223
None
144238364
46190775
9407962
None
None
None
None
None
6892060
3141196
None
1481697131
None
1922264370
2100247295
None
None
2144728418
40856972
2322362
47835123
49358435
2732237
120358610
35853273
None
None
1491437580
None
2061421245
None
None
40452705
3243571
2072914
2319593
3140011
1572669290
91383889
49572525
None
None
40892620
None
2627789
None
None
1572151452
None
46904027
3253757
68974380
2084448598
72475642
14162527
1699661506
2111247200
115523108
None
78965984
2124584108
70174206
3128589
50793009
46502832
103610271
None
None
None
144469593
8664777
1967895
134682777
2172476439
91451073
5123018
39450281
None
None
None
1704480945
2112317
None
144316826
2074160
121109366
2020097751
1441583138
None
None
None
152223989
116251476
None
2162159138
None
49830390
17733115
2116140505
3328827
None
5276554
2067843308
None
None
6105211
None
4157638
153135362
2060342069
32091653
None
1397033486
6738533
1394569670
83015253
148374852
None
5106985
1567841688
4114733
None
138004082
145689135
47147830
None
3355277
3137247
None
150343994
37699796
3295101
7587934
2121792522
2108152223
6482051
None
1394102402
3634550
None
150290441
87009544
2144490235
39160955
None
None
10245024
2777592
None
1958475
34605830
47570096
None
105021256
None
115323927
2047506402
49177041
107899997
119088106
2114004713
None
None
None
47004989
31642970
None
None
6020732
None
2005935504
None
1398195781
None
152685220
1943769630
30074944
6666473
88726499
1400704993
3297257
1422309605
None
2856511
None
None
2135732304
143668909
103011128
51294948
8790221
5316119
153174325
None
4007684
1801888368
2136895123
2115781632
2463329
39541751
87226522
7229119
2047711836
None
49484956
None
None
2157188355
2052227287
35234480
5807749
None
1380155321
77327149
38960292
144197542
2058817995
48815577
8668066
51049998
None
1422548623
None
1404736624
2111074126
143782825
122471782
4270362
None
2593148
145220670
2112283329
50750836
39209634
8133393
None
11329537
2167936815
40703961
None
None
152441109
13457364
None
50277258
144470788
3144898
144719941
None
1712379999
1577576536
1753618449
144854870
1399682911
143810667
None
5080719
48888596
None
None
None
5470543
None
46285583
31581642
None
3288432
2122189157
None
None
None
None
145778559
None
2249751
46285583
None
2131117
51107468
91090758
None
None
None
None
1399166131
33456482
3079114
None
1404456641
2051058008
90045133
66068356
None
None
None
13185053
2170966498
38329380
39347578
6210767
23317592
2046952936
None
None
81599743
2004870556
None
2732581
2149170203
None
20548020
35630355
2985483
None
None
None
1933561492
None
4229908
50152831
None
2135935556
2171450
52132641
3088237
2061662015
None
117692020
3375512
2786475
6105822
2030712393
2102648093
4846419
8492883
30413362
None
145049128
2124025577
None
4724702
145177862
3377050
None
None
None
2080120392
1716215928
None
47750194
None
47739156
2144246260
1389922134
27748233
None
1865951
None
113792981
47892930
38324655
29827191
None
1995372428
None
1766192
None
20851611
1939812436
None
None
98458756
1599767797
None
40996120
47506237
1388650740
34200366
48985471
2059573356
1420662163
None
1713409423
49001020
2159560272
19272849
153482920
107858229
2077463503
134639847
None
13444253
1393329116
1418673891
2122683532
49710544
1589058169
7923024
None
None
91529688
2153931852
None
46257547
144401187
50088041
3599672
None
5051522
None
40464924
31688455
2131458654
39952049
7546749
None
1454417186
None
None
8026593
1412109463
None
144310260
48552840
49985779
None
5949666
None
2107102915
12699748
1478410960
None
40767650
4847297
None
None
None
83065032
5226300
None
None
None
3176087
None
1416725937
None
2078383346
None
8760697
1785417806
1772144
5644956
2065901713
48582984
None
2143389254
38681589
None
4722497
2604293
93513284
None
None
50615310
116936332
None
3853277
114417558
4767295
None
1413694074
91587729
1473626478
2139636
8659770
2107608716
143626519
66770302
9483734
None
2804902
105045596
None
1567229411
4089303
None
None
2036367455
None
None
None
32779016
6752377
92245590
2055658988
8076895
119310638
3005531
None
None
None
1825730342
8543994
4025076
1382537961
101972908
None
None
50816921
None
2118346040
None
120773863
2175802393
None
144223246
48815577
4668580
2028908687
49383737
None
6657492
None
None
31483111
None
115264970
9438545
2090135459
12274867
2381290
None
None
None
None
2118998743
1380267134
None
2003116922
1596903751
None
None
3418984
19578679
143669128
2061804677
None
4895114
None
None
None
46941018
6256571
None
None
None
None
1432664577
46274982
31802682
102517239
2154572938
None
65747022
None
6699714
89397987
None
None
2058846182
None
None
None
None
None
None
None
None
48141323
None
7507263
1404958508
2261618
48904152
5386544
2588065
1398929894
None
4170652
None
35231703
70568564
7747205
None
1780534111
2844368
1877574
None
2626949
3454650
6359398
7985829
35042709
None
2008276615
4682895
None
79947442
None
6559429
123634045
2144896719
4789914
48815059
5582116
117943639
1390904655
None
2103987946
1950791
None
None
31871572
1908840
38435568
143698319
2545447
2068325611
1563594067
1572232242
2532485
None
None
46460594
2493872
None
None
7348832
46728698
None
None
None
2880031
116707107
2146949480
None
None
None
104874756
None
51120052
None
145682659
None
8968711
145334607
6259274
2075339320
3362927
52008249
None
None
1432707299
118609098
2053965642
1637643446
None
2042286194
None
2620049
None
31916177
37819648
48660741
47321770
122947983
None
None
None
None
1857685352
1583211162
1388024089
None
4283540
None
None
143643331
None
46785719
2072702650
None
None
None
2051302086
None
None
3800810
None
2072876905
153110526
None
2058308210
2068042764
19032833
1652001607
46483677
None
1601531800
None
80645893
5258755
1441297057
40254695
2061621082
32727961
None
2125408785
52033010
153244332
31735479
2060586827
25565933
1453289081
40798921
None
3519781
None
None
38798490
None
1396794556
32086166
2065121912
None
2163406396
None
None
None
2066265305
None
None
40521025
145895174
None
None
40163377
1635137873
None
51198852
6210133
None
1601550491
None
7774558
145937014
2127087375
2113901
None
5398816
None
1684403
4069934
None
1379652511
None
None
None
39009482
49772780
None
3298908
None
50614709
150317407
None
1382493355
None
2792458
None
5935378
144036851
40514467
5358777
None
None
None
51131893
2143698164
2123695974
None
None
32563910
17024801
None
3737287
34902160
None
1392944015
6960148
None
3634500
None
None
1740639
1610831945
None
None
46190775
None
4923143
None
2038114649
6481849
None
None
2080278450
151453721
1857349644
2055915833
150196379
2015591
46991903
80378647
None
None
2700333
None
None
None
None
2100862257
51963090
19176142
None
19169898
3266187
66184682
None
143768589
None
None
52145424
1984369969
1491749854
1707052698
5426806
121725372
46200092
None
None
4973844
2163615713
104448349
None
2077101981
2071570807
37387757
None
None
None
50987733
None
None
40908745
143777043
8635036
None
None
145146201
120888977
None
2322362
None
None
None
None
35300202
51120341
4763661
47302072
72474254
None
49559142
None
2403705
29855687
2064434049
35144264
None
1441313476
50758942
None
None
None
None
151093395
None
1845926555
None
3073171
None
2044931747
134247680
2055540933
1677628579
121049577
None
None
38927558
153856749
1742182818
None
8469391
None
152829121
None
None
6011639
40637388
None
None
